# JRE version: OpenJDK Runtime Environment Temurin-17.0.7+7 (17.0.7+7) (build 17.0.7+7)
# Java VM: OpenJDK 64-Bit Server VM Temurin-17.0.7+7 (17.0.7+7, mixed mode, emulated-client, tiered, compressed oops, compressed class ptrs, g1 gc, linux-amd64)
GC Precious Log:
 CPUs: 8 total, 4 available
 Memory: 5798M
 Large Page Support: Disabled
 NUMA Support: Disabled
 Compressed Oops: Enabled (32-bit)
 Heap Region Size: 1M
 Heap Min Capacity: 8M
 Heap Initial Capacity: 92M
 Heap Max Capacity: 1G
 Pre-touch: Disabled
 Parallel Workers: 4
 Concurrent Workers: 1
 Concurrent Refinement Workers: 4
 Periodic GC: Disabled
Heap:
 garbage-first heap   total 464896K, used 157935K [0x00000000c0000000, 0x0000000100000000)
  region size 1024K, 39 young (39936K), 3 survivors (3072K)
 Metaspace       used 68571K, committed 69376K, reserved 1114112K
  class space    used 9425K, committed 9728K, reserved 1048576K
GC Heap History (20 events):
Event: 329.972 GC heap before
{Heap before GC invocations=63 (full 0):
 garbage-first heap   total 464896K, used 410529K [0x00000000c0000000, 0x0000000100000000)
  region size 1024K, 272 young (278528K), 2 survivors (2048K)
 Metaspace       used 68775K, committed 69376K, reserved 1114112K
  class space    used 9472K, committed 9728K, reserved 1048576K
}
Event: 329.980 GC heap after
{Heap after GC invocations=64 (full 0):
 garbage-first heap   total 464896K, used 125349K [0x00000000c0000000, 0x0000000100000000)
  region size 1024K, 2 young (2048K), 2 survivors (2048K)
 Metaspace       used 68775K, committed 69376K, reserved 1114112K
  class space    used 9472K, committed 9728K, reserved 1048576K
}
Event: 330.596 GC heap before
{Heap before GC invocations=64 (full 0):
 garbage-first heap   total 464896K, used 146853K [0x00000000c0000000, 0x0000000100000000)
  region size 1024K, 24 young (24576K), 2 survivors (2048K)
 Metaspace       used 68775K, committed 69376K, reserved 1114112K
  class space    used 9472K, committed 9728K, reserved 1048576K
}
Event: 330.603 GC heap after
{Heap after GC invocations=65 (full 0):
 garbage-first heap   total 464896K, used 125285K [0x00000000c0000000, 0x0000000100000000)
  region size 1024K, 2 young (2048K), 2 survivors (2048K)
 Metaspace       used 68775K, committed 69376K, reserved 1114112K
  class space    used 9472K, committed 9728K, reserved 1048576K
}
Event: 368.972 GC heap before
{Heap before GC invocations=66 (full 0):
 garbage-first heap   total 464896K, used 409957K [0x00000000c0000000, 0x0000000100000000)
  region size 1024K, 272 young (278528K), 2 survivors (2048K)
 Metaspace       used 68775K, committed 69376K, reserved 1114112K
  class space    used 9472K, committed 9728K, reserved 1048576K
}
Event: 368.977 GC heap after
{Heap after GC invocations=67 (full 0):
 garbage-first heap   total 464896K, used 125415K [0x00000000c0000000, 0x0000000100000000)
  region size 1024K, 2 young (2048K), 2 survivors (2048K)
 Metaspace       used 68775K, committed 69376K, reserved 1114112K
  class space    used 9472K, committed 9728K, reserved 1048576K
}
Event: 369.115 GC heap before
{Heap before GC invocations=67 (full 0):
 garbage-first heap   total 464896K, used 144871K [0x00000000c0000000, 0x0000000100000000)
  region size 1024K, 22 young (22528K), 2 survivors (2048K)
 Metaspace       used 68775K, committed 69376K, reserved 1114112K
  class space    used 9472K, committed 9728K, reserved 1048576K
}
Event: 369.135 GC heap after
{Heap after GC invocations=68 (full 0):
 garbage-first heap   total 464896K, used 122334K [0x00000000c0000000, 0x0000000100000000)
  region size 1024K, 1 young (1024K), 1 survivors (1024K)
 Metaspace       used 68775K, committed 69376K, reserved 1114112K
  class space    used 9472K, committed 9728K, reserved 1048576K
}
Event: 388.192 GC heap before
{Heap before GC invocations=68 (full 0):
 garbage-first heap   total 464896K, used 410078K [0x00000000c0000000, 0x0000000100000000)
  region size 1024K, 272 young (278528K), 1 survivors (1024K)
 Metaspace       used 68775K, committed 69376K, reserved 1114112K
  class space    used 9472K, committed 9728K, reserved 1048576K
}
Event: 388.198 GC heap after
{Heap after GC invocations=69 (full 0):
 garbage-first heap   total 464896K, used 123471K [0x00000000c0000000, 0x0000000100000000)
  region size 1024K, 3 young (3072K), 3 survivors (3072K)
 Metaspace       used 68775K, committed 69376K, reserved 1114112K
  class space    used 9472K, committed 9728K, reserved 1048576K
}
Event: 398.770 GC heap before
{Heap before GC invocations=69 (full 0):
 garbage-first heap   total 464896K, used 142927K [0x00000000c0000000, 0x0000000100000000)
  region size 1024K, 23 young (23552K), 3 survivors (3072K)
 Metaspace       used 68775K, committed 69376K, reserved 1114112K
  class space    used 9472K, committed 9728K, reserved 1048576K
}
Event: 398.782 GC heap after
{Heap after GC invocations=70 (full 0):
 garbage-first heap   total 464896K, used 123233K [0x00000000c0000000, 0x0000000100000000)
  region size 1024K, 2 young (2048K), 2 survivors (2048K)
 Metaspace       used 68775K, committed 69376K, reserved 1114112K
  class space    used 9472K, committed 9728K, reserved 1048576K
}
Event: 414.168 GC heap before
{Heap before GC invocations=71 (full 0):
 garbage-first heap   total 464896K, used 412001K [0x00000000c0000000, 0x0000000100000000)
  region size 1024K, 272 young (278528K), 2 survivors (2048K)
 Metaspace       used 68566K, committed 69376K, reserved 1114112K
  class space    used 9424K, committed 9728K, reserved 1048576K
}
Event: 414.180 GC heap after
{Heap after GC invocations=72 (full 0):
 garbage-first heap   total 464896K, used 122861K [0x00000000c0000000, 0x0000000100000000)
  region size 1024K, 2 young (2048K), 2 survivors (2048K)
 Metaspace       used 68566K, committed 69376K, reserved 1114112K
  class space    used 9424K, committed 9728K, reserved 1048576K
}
Event: 414.348 GC heap before
{Heap before GC invocations=72 (full 0):
 garbage-first heap   total 464896K, used 144365K [0x00000000c0000000, 0x0000000100000000)
  region size 1024K, 22 young (22528K), 2 survivors (2048K)
 Metaspace       used 68567K, committed 69376K, reserved 1114112K
  class space    used 9424K, committed 9728K, reserved 1048576K
}
Event: 414.385 GC heap after
{Heap after GC invocations=73 (full 0):
 garbage-first heap   total 464896K, used 119128K [0x00000000c0000000, 0x0000000100000000)
  region size 1024K, 2 young (2048K), 2 survivors (2048K)
 Metaspace       used 68567K, committed 69376K, reserved 1114112K
  class space    used 9424K, committed 9728K, reserved 1048576K
}
Event: 436.370 GC heap before
{Heap before GC invocations=73 (full 0):
 garbage-first heap   total 464896K, used 404824K [0x00000000c0000000, 0x0000000100000000)
  region size 1024K, 272 young (278528K), 2 survivors (2048K)
 Metaspace       used 68567K, committed 69376K, reserved 1114112K
  class space    used 9424K, committed 9728K, reserved 1048576K
}
Event: 436.375 GC heap after
{Heap after GC invocations=74 (full 0):
 garbage-first heap   total 464896K, used 120312K [0x00000000c0000000, 0x0000000100000000)
  region size 1024K, 3 young (3072K), 3 survivors (3072K)
 Metaspace       used 68567K, committed 69376K, reserved 1114112K
  class space    used 9424K, committed 9728K, reserved 1048576K
}
Event: 437.844 GC heap before
{Heap before GC invocations=74 (full 0):
 garbage-first heap   total 464896K, used 143864K [0x00000000c0000000, 0x0000000100000000)
  region size 1024K, 27 young (27648K), 3 survivors (3072K)
 Metaspace       used 68567K, committed 69376K, reserved 1114112K
  class space    used 9424K, committed 9728K, reserved 1048576K
}
Event: 437.849 GC heap after
{Heap after GC invocations=75 (full 0):
 garbage-first heap   total 464896K, used 120047K [0x00000000c0000000, 0x0000000100000000)
  region size 1024K, 3 young (3072K), 3 survivors (3072K)
 Metaspace       used 68567K, committed 69376K, reserved 1114112K
  class space    used 9424K, committed 9728K, reserved 1048576K
}

