# JRE version: OpenJDK Runtime Environment Temurin-17.0.5+8 (17.0.5+8) (build 17.0.5+8)
# Java VM: OpenJDK 64-Bit Server VM Temurin-17.0.5+8 (17.0.5+8, mixed mode, tiered, compressed oops, compressed class ptrs, parallel gc, linux-amd64)
GC Precious Log:
 CPUs: 8 total, 4 available
 Memory: 5808M
 Large Page Support: Disabled
 NUMA Support: Disabled
 Compressed Oops: Enabled (32-bit)
 Alignments: Space 512K, Generation 512K, Heap 2M
 Heap Min Capacity: 100M
 Heap Initial Capacity: 100M
 Heap Max Capacity: 1G
 Pre-touch: Disabled
 Parallel Workers: 4
Heap:
 PSYoungGen      total 16384K, used 16364K [0x00000000eab00000, 0x00000000ee000000, 0x0000000100000000)
  eden space 11264K, 100% used [0x00000000eab00000,0x00000000eb600000,0x00000000eb600000)
  from space 5120K, 99% used [0x00000000edb00000,0x00000000edffb100,0x00000000ee000000)
  to   space 15360K, 0% used [0x00000000ec200000,0x00000000ec200000,0x00000000ed100000)
 ParOldGen       total 251904K, used 176951K [0x00000000c0000000, 0x00000000cf600000, 0x00000000eab00000)
  object space 251904K, 70% used [0x00000000c0000000,0x00000000caccdfb0,0x00000000cf600000)
 Metaspace       used 89598K, committed 90752K, reserved 1138688K
  class space    used 8656K, committed 9152K, reserved 1048576K
GC Heap History (20 events):
Event: 2020.647 GC heap before
{Heap before GC invocations=4018 (full 144):
 PSYoungGen      total 43520K, used 43070K [0x00000000eab00000, 0x00000000ee400000, 0x0000000100000000)
  eden space 42496K, 99% used [0x00000000eab00000,0x00000000ed47c0f0,0x00000000ed480000)
  from space 1024K, 57% used [0x00000000ee300000,0x00000000ee393800,0x00000000ee400000)
  to   space 2560K, 0% used [0x00000000edf00000,0x00000000edf00000,0x00000000ee180000)
 ParOldGen       total 190464K, used 176096K [0x00000000c0000000, 0x00000000cba00000, 0x00000000eab00000)
  object space 190464K, 92% used [0x00000000c0000000,0x00000000cabf80f0,0x00000000cba00000)
 Metaspace       used 89569K, committed 90752K, reserved 1138688K
  class space    used 8653K, committed 9152K, reserved 1048576K
}
Event: 2020.662 GC heap after
{Heap after GC invocations=4018 (full 144):
 PSYoungGen      total 44544K, used 2528K [0x00000000eab00000, 0x00000000ee380000, 0x0000000100000000)
  eden space 41984K, 0% used [0x00000000eab00000,0x00000000eab00000,0x00000000ed400000)
  from space 2560K, 98% used [0x00000000edf00000,0x00000000ee178040,0x00000000ee180000)
  to   space 2048K, 0% used [0x00000000ee180000,0x00000000ee180000,0x00000000ee380000)
 ParOldGen       total 190464K, used 176686K [0x00000000c0000000, 0x00000000cba00000, 0x00000000eab00000)
  object space 190464K, 92% used [0x00000000c0000000,0x00000000cac8b920,0x00000000cba00000)
 Metaspace       used 89569K, committed 90752K, reserved 1138688K
  class space    used 8653K, committed 9152K, reserved 1048576K
}
Event: 2021.011 GC heap before
{Heap before GC invocations=4019 (full 144):
 PSYoungGen      total 44544K, used 44512K [0x00000000eab00000, 0x00000000ee380000, 0x0000000100000000)
  eden space 41984K, 100% used [0x00000000eab00000,0x00000000ed400000,0x00000000ed400000)
  from space 2560K, 98% used [0x00000000edf00000,0x00000000ee178040,0x00000000ee180000)
  to   space 2048K, 0% used [0x00000000ee180000,0x00000000ee180000,0x00000000ee380000)
 ParOldGen       total 190464K, used 176686K [0x00000000c0000000, 0x00000000cba00000, 0x00000000eab00000)
  object space 190464K, 92% used [0x00000000c0000000,0x00000000cac8b920,0x00000000cba00000)
 Metaspace       used 89571K, committed 90752K, reserved 1138688K
  class space    used 8653K, committed 9152K, reserved 1048576K
}
Event: 2021.029 GC heap after
{Heap after GC invocations=4019 (full 144):
 PSYoungGen      total 43520K, used 2029K [0x00000000eab00000, 0x00000000ee380000, 0x0000000100000000)
  eden space 41472K, 0% used [0x00000000eab00000,0x00000000eab00000,0x00000000ed380000)
  from space 2048K, 99% used [0x00000000ee180000,0x00000000ee37b7e8,0x00000000ee380000)
  to   space 6656K, 0% used [0x00000000ed680000,0x00000000ed680000,0x00000000edd00000)
 ParOldGen       total 190464K, used 180413K [0x00000000c0000000, 0x00000000cba00000, 0x00000000eab00000)
  object space 190464K, 94% used [0x00000000c0000000,0x00000000cb02f480,0x00000000cba00000)
 Metaspace       used 89571K, committed 90752K, reserved 1138688K
  class space    used 8653K, committed 9152K, reserved 1048576K
}
Event: 2021.284 GC heap before
{Heap before GC invocations=4020 (full 144):
 PSYoungGen      total 43520K, used 43501K [0x00000000eab00000, 0x00000000ee380000, 0x0000000100000000)
  eden space 41472K, 100% used [0x00000000eab00000,0x00000000ed380000,0x00000000ed380000)
  from space 2048K, 99% used [0x00000000ee180000,0x00000000ee37b7e8,0x00000000ee380000)
  to   space 6656K, 0% used [0x00000000ed680000,0x00000000ed680000,0x00000000edd00000)
 ParOldGen       total 190464K, used 180413K [0x00000000c0000000, 0x00000000cba00000, 0x00000000eab00000)
  object space 190464K, 94% used [0x00000000c0000000,0x00000000cb02f480,0x00000000cba00000)
 Metaspace       used 89571K, committed 90752K, reserved 1138688K
  class space    used 8653K, committed 9152K, reserved 1048576K
}
Event: 2021.299 GC heap after
{Heap after GC invocations=4020 (full 144):
 PSYoungGen      total 47616K, used 4033K [0x00000000eab00000, 0x00000000ee200000, 0x0000000100000000)
  eden space 40960K, 0% used [0x00000000eab00000,0x00000000eab00000,0x00000000ed300000)
  from space 6656K, 60% used [0x00000000ed680000,0x00000000eda70710,0x00000000edd00000)
  to   space 5120K, 0% used [0x00000000edd00000,0x00000000edd00000,0x00000000ee200000)
 ParOldGen       total 190464K, used 182466K [0x00000000c0000000, 0x00000000cba00000, 0x00000000eab00000)
  object space 190464K, 95% used [0x00000000c0000000,0x00000000cb230930,0x00000000cba00000)
 Metaspace       used 89571K, committed 90752K, reserved 1138688K
  class space    used 8653K, committed 9152K, reserved 1048576K
}
Event: 2021.414 GC heap before
{Heap before GC invocations=4021 (full 144):
 PSYoungGen      total 47616K, used 44993K [0x00000000eab00000, 0x00000000ee200000, 0x0000000100000000)
  eden space 40960K, 100% used [0x00000000eab00000,0x00000000ed300000,0x00000000ed300000)
  from space 6656K, 60% used [0x00000000ed680000,0x00000000eda70710,0x00000000edd00000)
  to   space 5120K, 0% used [0x00000000edd00000,0x00000000edd00000,0x00000000ee200000)
 ParOldGen       total 190464K, used 182466K [0x00000000c0000000, 0x00000000cba00000, 0x00000000eab00000)
  object space 190464K, 95% used [0x00000000c0000000,0x00000000cb230930,0x00000000cba00000)
 Metaspace       used 89571K, committed 90752K, reserved 1138688K
  class space    used 8653K, committed 9152K, reserved 1048576K
}
Event: 2021.426 GC heap after
{Heap after GC invocations=4021 (full 144):
 PSYoungGen      total 45056K, used 4300K [0x00000000eab00000, 0x00000000ee180000, 0x0000000100000000)
  eden space 40448K, 0% used [0x00000000eab00000,0x00000000eab00000,0x00000000ed280000)
  from space 4608K, 93% used [0x00000000edd00000,0x00000000ee133000,0x00000000ee180000)
  to   space 4608K, 0% used [0x00000000ed880000,0x00000000ed880000,0x00000000edd00000)
 ParOldGen       total 190464K, used 182466K [0x00000000c0000000, 0x00000000cba00000, 0x00000000eab00000)
  object space 190464K, 95% used [0x00000000c0000000,0x00000000cb230930,0x00000000cba00000)
 Metaspace       used 89571K, committed 90752K, reserved 1138688K
  class space    used 8653K, committed 9152K, reserved 1048576K
}
Event: 2021.515 GC heap before
{Heap before GC invocations=4022 (full 144):
 PSYoungGen      total 45056K, used 44748K [0x00000000eab00000, 0x00000000ee180000, 0x0000000100000000)
  eden space 40448K, 100% used [0x00000000eab00000,0x00000000ed280000,0x00000000ed280000)
  from space 4608K, 93% used [0x00000000edd00000,0x00000000ee133000,0x00000000ee180000)
  to   space 4608K, 0% used [0x00000000ed880000,0x00000000ed880000,0x00000000edd00000)
 ParOldGen       total 190464K, used 182466K [0x00000000c0000000, 0x00000000cba00000, 0x00000000eab00000)
  object space 190464K, 95% used [0x00000000c0000000,0x00000000cb230930,0x00000000cba00000)
 Metaspace       used 89571K, committed 90752K, reserved 1138688K
  class space    used 8653K, committed 9152K, reserved 1048576K
}
Event: 2021.525 GC heap after
{Heap after GC invocations=4022 (full 144):
 PSYoungGen      total 41472K, used 1034K [0x00000000eab00000, 0x00000000edd80000, 0x0000000100000000)
  eden space 39936K, 0% used [0x00000000eab00000,0x00000000eab00000,0x00000000ed200000)
  from space 1536K, 67% used [0x00000000ed880000,0x00000000ed982910,0x00000000eda00000)
  to   space 2560K, 0% used [0x00000000edb00000,0x00000000edb00000,0x00000000edd80000)
 ParOldGen       total 190464K, used 185607K [0x00000000c0000000, 0x00000000cba00000, 0x00000000eab00000)
  object space 190464K, 97% used [0x00000000c0000000,0x00000000cb541f58,0x00000000cba00000)
 Metaspace       used 89571K, committed 90752K, reserved 1138688K
  class space    used 8653K, committed 9152K, reserved 1048576K
}
Event: 2021.624 GC heap before
{Heap before GC invocations=4023 (full 144):
 PSYoungGen      total 41472K, used 40970K [0x00000000eab00000, 0x00000000edd80000, 0x0000000100000000)
  eden space 39936K, 100% used [0x00000000eab00000,0x00000000ed200000,0x00000000ed200000)
  from space 1536K, 67% used [0x00000000ed880000,0x00000000ed982910,0x00000000eda00000)
  to   space 2560K, 0% used [0x00000000edb00000,0x00000000edb00000,0x00000000edd80000)
 ParOldGen       total 190464K, used 185607K [0x00000000c0000000, 0x00000000cba00000, 0x00000000eab00000)
  object space 190464K, 97% used [0x00000000c0000000,0x00000000cb541f58,0x00000000cba00000)
 Metaspace       used 89576K, committed 90752K, reserved 1138688K
  class space    used 8654K, committed 9152K, reserved 1048576K
}
Event: 2021.629 GC heap after
{Heap after GC invocations=4023 (full 144):
 PSYoungGen      total 40960K, used 1396K [0x00000000eab00000, 0x00000000edc80000, 0x0000000100000000)
  eden space 39424K, 0% used [0x00000000eab00000,0x00000000eab00000,0x00000000ed180000)
  from space 1536K, 90% used [0x00000000edb00000,0x00000000edc5d220,0x00000000edc80000)
  to   space 1536K, 0% used [0x00000000ed980000,0x00000000ed980000,0x00000000edb00000)
 ParOldGen       total 190464K, used 185607K [0x00000000c0000000, 0x00000000cba00000, 0x00000000eab00000)
  object space 190464K, 97% used [0x00000000c0000000,0x00000000cb541f58,0x00000000cba00000)
 Metaspace       used 89576K, committed 90752K, reserved 1138688K
  class space    used 8654K, committed 9152K, reserved 1048576K
}
Event: 2021.763 GC heap before
{Heap before GC invocations=4024 (full 144):
 PSYoungGen      total 40960K, used 40177K [0x00000000eab00000, 0x00000000edc80000, 0x0000000100000000)
  eden space 39424K, 98% used [0x00000000eab00000,0x00000000ed0df310,0x00000000ed180000)
  from space 1536K, 90% used [0x00000000edb00000,0x00000000edc5d220,0x00000000edc80000)
  to   space 1536K, 0% used [0x00000000ed980000,0x00000000ed980000,0x00000000edb00000)
 ParOldGen       total 190464K, used 185607K [0x00000000c0000000, 0x00000000cba00000, 0x00000000eab00000)
  object space 190464K, 97% used [0x00000000c0000000,0x00000000cb541f58,0x00000000cba00000)
 Metaspace       used 89583K, committed 90752K, reserved 1138688K
  class space    used 8655K, committed 9152K, reserved 1048576K
}
Event: 2021.771 GC heap after
{Heap after GC invocations=4024 (full 144):
 PSYoungGen      total 40448K, used 1040K [0x00000000eab00000, 0x00000000edb80000, 0x0000000100000000)
  eden space 38912K, 0% used [0x00000000eab00000,0x00000000eab00000,0x00000000ed100000)
  from space 1536K, 67% used [0x00000000ed980000,0x00000000eda84050,0x00000000edb00000)
  to   space 512K, 0% used [0x00000000edb00000,0x00000000edb00000,0x00000000edb80000)
 ParOldGen       total 190464K, used 185615K [0x00000000c0000000, 0x00000000cba00000, 0x00000000eab00000)
  object space 190464K, 97% used [0x00000000c0000000,0x00000000cb543f58,0x00000000cba00000)
 Metaspace       used 89583K, committed 90752K, reserved 1138688K
  class space    used 8655K, committed 9152K, reserved 1048576K
}
Event: 2022.102 GC heap before
{Heap before GC invocations=4025 (full 144):
 PSYoungGen      total 40448K, used 39952K [0x00000000eab00000, 0x00000000edb80000, 0x0000000100000000)
  eden space 38912K, 100% used [0x00000000eab00000,0x00000000ed100000,0x00000000ed100000)
  from space 1536K, 67% used [0x00000000ed980000,0x00000000eda84050,0x00000000edb00000)
  to   space 512K, 0% used [0x00000000edb00000,0x00000000edb00000,0x00000000edb80000)
 ParOldGen       total 190464K, used 185615K [0x00000000c0000000, 0x00000000cba00000, 0x00000000eab00000)
  object space 190464K, 97% used [0x00000000c0000000,0x00000000cb543f58,0x00000000cba00000)
 Metaspace       used 89595K, committed 90752K, reserved 1138688K
  class space    used 8656K, committed 9152K, reserved 1048576K
}
Event: 2022.190 GC heap after
{Heap after GC invocations=4025 (full 144):
 PSYoungGen      total 11776K, used 510K [0x00000000eab00000, 0x00000000f1a80000, 0x0000000100000000)
  eden space 11264K, 0% used [0x00000000eab00000,0x00000000eab00000,0x00000000eb600000)
  from space 512K, 99% used [0x00000000edb00000,0x00000000edb7faf8,0x00000000edb80000)
  to   space 37888K, 0% used [0x00000000eb600000,0x00000000eb600000,0x00000000edb00000)
 ParOldGen       total 217600K, used 217527K [0x00000000c0000000, 0x00000000cd480000, 0x00000000eab00000)
  object space 217600K, 99% used [0x00000000c0000000,0x00000000cd46de30,0x00000000cd480000)
 Metaspace       used 89595K, committed 90752K, reserved 1138688K
  class space    used 8656K, committed 9152K, reserved 1048576K
}
Event: 2022.190 GC heap before
{Heap before GC invocations=4026 (full 145):
 PSYoungGen      total 11776K, used 510K [0x00000000eab00000, 0x00000000f1a80000, 0x0000000100000000)
  eden space 11264K, 0% used [0x00000000eab00000,0x00000000eab00000,0x00000000eb600000)
  from space 512K, 99% used [0x00000000edb00000,0x00000000edb7faf8,0x00000000edb80000)
  to   space 37888K, 0% used [0x00000000eb600000,0x00000000eb600000,0x00000000edb00000)
 ParOldGen       total 217600K, used 217527K [0x00000000c0000000, 0x00000000cd480000, 0x00000000eab00000)
  object space 217600K, 99% used [0x00000000c0000000,0x00000000cd46de30,0x00000000cd480000)
 Metaspace       used 89595K, committed 90752K, reserved 1138688K
  class space    used 8656K, committed 9152K, reserved 1048576K
}
Event: 2022.617 GC heap after
{Heap after GC invocations=4026 (full 145):
 PSYoungGen      total 49152K, used 0K [0x00000000eab00000, 0x00000000f0000000, 0x0000000100000000)
  eden space 11264K, 0% used [0x00000000eab00000,0x00000000eab00000,0x00000000eb600000)
  from space 37888K, 0% used [0x00000000eb600000,0x00000000eb600000,0x00000000edb00000)
  to   space 37888K, 0% used [0x00000000edb00000,0x00000000edb00000,0x00000000f0000000)
 ParOldGen       total 251904K, used 146223K [0x00000000c0000000, 0x00000000cf600000, 0x00000000eab00000)
  object space 251904K, 58% used [0x00000000c0000000,0x00000000c8ecbf80,0x00000000cf600000)
 Metaspace       used 89595K, committed 90752K, reserved 1138688K
  class space    used 8656K, committed 9152K, reserved 1048576K
}
Event: 2022.883 GC heap before
{Heap before GC invocations=4027 (full 145):
 PSYoungGen      total 49152K, used 11264K [0x00000000eab00000, 0x00000000f0000000, 0x0000000100000000)
  eden space 11264K, 100% used [0x00000000eab00000,0x00000000eb600000,0x00000000eb600000)
  from space 37888K, 0% used [0x00000000eb600000,0x00000000eb600000,0x00000000edb00000)
  to   space 37888K, 0% used [0x00000000edb00000,0x00000000edb00000,0x00000000f0000000)
 ParOldGen       total 251904K, used 146223K [0x00000000c0000000, 0x00000000cf600000, 0x00000000eab00000)
  object space 251904K, 58% used [0x00000000c0000000,0x00000000c8ecbf80,0x00000000cf600000)
 Metaspace       used 89598K, committed 90752K, reserved 1138688K
  class space    used 8656K, committed 9152K, reserved 1048576K
}
Event: 2022.901 GC heap after
{Heap after GC invocations=4027 (full 145):
 PSYoungGen      total 16384K, used 5100K [0x00000000eab00000, 0x00000000ee000000, 0x0000000100000000)
  eden space 11264K, 0% used [0x00000000eab00000,0x00000000eab00000,0x00000000eb600000)
  from space 5120K, 99% used [0x00000000edb00000,0x00000000edffb100,0x00000000ee000000)
  to   space 15360K, 0% used [0x00000000ec200000,0x00000000ec200000,0x00000000ed100000)
 ParOldGen       total 251904K, used 146231K [0x00000000c0000000, 0x00000000cf600000, 0x00000000eab00000)
  object space 251904K, 58% used [0x00000000c0000000,0x00000000c8ecdf80,0x00000000cf600000)
 Metaspace       used 89598K, committed 90752K, reserved 1138688K
  class space    used 8656K, committed 9152K, reserved 1048576K
}

